\BOOKMARK [0][-]{chapter.1}{\376\377\122\115\212\000}{}% 1
\BOOKMARK [0][-]{chapter.2}{\376\377\163\260\147\011\215\205\176\247\213\241\173\227\174\373\176\337}{}% 2
\BOOKMARK [1][-]{section.2.1}{\376\377\160\032\155\167\0002\0002\215\205\176\247\213\241\173\227\174\373\176\337}{chapter.2}% 3
\BOOKMARK [1][-]{section.2.2}{\376\377\160\032\155\167\0002\0000\215\205\176\247\213\241\173\227\174\373\176\337}{chapter.2}% 4
\BOOKMARK [1][-]{section.2.3}{\376\377\146\331\121\111\000T\000C\0004\0006\0000\0000\166\176\116\007\116\277\153\041\215\205\176\247\213\241\173\227\174\373\176\337}{chapter.2}% 5
\BOOKMARK [0][-]{chapter.3}{\376\377\165\050\142\067\166\173\137\125\116\016\145\207\116\366\117\040\217\223}{}% 6
\BOOKMARK [0][-]{chapter.4}{\376\377\213\276\177\156\177\026\213\321\123\312\217\320\210\114\163\257\130\203}{}% 7
\BOOKMARK [0][-]{chapter.5}{\376\377\116\062\210\114\123\312\000O\000p\000e\000n\000M\000P\172\013\136\217\177\026\213\321\123\312\217\320\210\114}{}% 8
\BOOKMARK [1][-]{section.5.1}{\376\377\116\062\210\114\000C\000/\000C\000+\000+\172\013\136\217\166\204\177\026\213\321}{chapter.5}% 9
\BOOKMARK [2][-]{subsection.5.1.1}{\376\377\217\223\121\145\217\223\121\372\145\207\116\366\124\016\177\000\116\016\174\173\127\213\166\204\121\163\174\373}{section.5.1}% 10
\BOOKMARK [2][-]{subsection.5.1.2}{\376\377\116\062\210\114\000C\000/\000C\000+\000+\172\013\136\217\177\026\213\321\116\076\117\213}{section.5.1}% 11
\BOOKMARK [1][-]{section.5.2}{\376\377\116\062\210\114\000F\000o\000r\000t\000r\000a\000n\172\013\136\217\166\204\177\026\213\321}{chapter.5}% 12
\BOOKMARK [2][-]{subsection.5.2.1}{\376\377\217\223\121\145\217\223\121\372\145\207\116\366\124\016\177\000\116\016\174\173\127\213\166\204\121\163\174\373}{section.5.2}% 13
\BOOKMARK [2][-]{subsection.5.2.2}{\376\377\116\062\210\114\000F\000o\000r\000t\000r\000a\000n\172\013\136\217\177\026\213\321\116\076\117\213}{section.5.2}% 14
\BOOKMARK [1][-]{section.5.3}{\376\377\000O\000p\000e\000n\000M\000P\172\013\136\217\166\204\177\026\213\321\116\016\217\320\210\114}{chapter.5}% 15
\BOOKMARK [2][-]{subsection.5.3.1}{\376\377\000O\000p\000e\000n\000M\000P\172\013\136\217\166\204\177\026\213\321}{section.5.3}% 16
\BOOKMARK [2][-]{subsection.5.3.2}{\376\377\000O\000p\000e\000n\000M\000P\172\013\136\217\166\204\217\320\210\114}{section.5.3}% 17
\BOOKMARK [0][-]{chapter.6}{\376\377\000I\000n\000t\000e\000l\060\001\000P\000G\000I\123\312\000G\000N\000U\000\040\000C\000/\000C\000+\000+\000\040\000F\000o\000r\000t\000r\000a\000n\177\026\213\321\126\150\116\313\176\315}{}% 18
\BOOKMARK [1][-]{section.6.1}{\376\377\000I\000n\000t\000e\000l\000\040\000C\000/\000C\000+\000+\000\040\000F\000o\000r\000t\000r\000a\000n\177\026\213\321\126\150}{chapter.6}% 19
\BOOKMARK [2][-]{subsection.6.1.1}{\376\377\000I\000n\000t\000e\000l\000\040\000C\000/\000C\000+\000+\000\040\000F\000o\000r\000t\000r\000a\000n\177\026\213\321\126\150\173\200\116\313}{section.6.1}% 20
\BOOKMARK [2][-]{subsection.6.1.2}{\376\377\177\026\213\321\225\031\213\357}{section.6.1}% 21
\BOOKMARK [2][-]{subsection.6.1.3}{\376\377\000F\000o\000r\000t\000r\000a\000n\172\013\136\217\217\320\210\114\225\031\213\357}{section.6.1}% 22
\BOOKMARK [2][-]{subsection.6.1.4}{\376\377\000I\000n\000t\000e\000l\000\040\000P\000a\000r\000a\000l\000l\000e\000l\000\040\000S\000t\000u\000d\000i\000o\000\040\000X\000E\162\110\221\315\211\201\177\026\213\321\220\011\230\171}{section.6.1}% 23
\BOOKMARK [3][-]{subsubsection*.6}{\376\377\117\030\123\026\220\011\230\171}{subsection.6.1.4}% 24
\BOOKMARK [3][-]{subsubsection*.7}{\376\377\116\343\170\001\165\037\142\020\220\011\230\171}{subsection.6.1.4}% 25
\BOOKMARK [3][-]{subsubsection*.8}{\376\377\217\307\172\013\225\364\117\030\123\026\000\050\000I\000P\000O\000\051\220\011\230\171}{subsection.6.1.4}% 26
\BOOKMARK [3][-]{subsubsection*.9}{\376\377\232\330\176\247\117\030\123\026\220\011\230\171}{subsection.6.1.4}% 27
\BOOKMARK [3][-]{subsubsection*.10}{\376\377\151\202\211\201\133\374\124\021\117\030\123\026\000\050\000P\000G\000O\000\051\220\011\230\171}{subsection.6.1.4}% 28
\BOOKMARK [3][-]{subsubsection*.11}{\376\377\117\030\123\026\142\245\124\112\220\011\230\171}{subsection.6.1.4}% 29
\BOOKMARK [3][-]{subsubsection*.12}{\376\377\000O\000p\000e\000n\000M\000P\124\214\136\166\210\114\131\004\164\006\220\011\230\171}{subsection.6.1.4}% 30
\BOOKMARK [3][-]{subsubsection*.13}{\376\377\155\156\160\271\220\011\230\171}{subsection.6.1.4}% 31
\BOOKMARK [3][-]{subsubsection*.14}{\376\377\121\205\200\124\220\011\230\171}{subsection.6.1.4}% 32
\BOOKMARK [3][-]{subsubsection*.15}{\376\377\217\223\121\372\060\001\214\003\213\325\123\312\230\204\177\026\213\321\131\064\145\207\116\366\000\050\000P\000C\000H\000\051\220\011\230\171}{subsection.6.1.4}% 33
\BOOKMARK [3][-]{subsubsection*.16}{\376\377\230\204\131\004\164\006\220\011\230\171}{subsection.6.1.4}% 34
\BOOKMARK [3][-]{subsubsection*.17}{\376\377\000C\000/\000C\000+\000+\213\355\212\000\220\011\230\171}{subsection.6.1.4}% 35
\BOOKMARK [3][-]{subsubsection*.18}{\376\377\000F\000o\000r\000t\000r\000a\000n\213\355\212\000\220\011\230\171}{subsection.6.1.4}% 36
\BOOKMARK [3][-]{subsubsection*.19}{\376\377\145\160\143\156\220\011\230\171}{subsection.6.1.4}% 37
\BOOKMARK [3][-]{subsubsection*.20}{\376\377\177\026\213\321\126\150\213\312\145\255\220\011\230\171}{subsection.6.1.4}% 38
\BOOKMARK [3][-]{subsubsection*.21}{\376\377\121\174\133\271\140\047\220\011\230\171}{subsection.6.1.4}% 39
\BOOKMARK [3][-]{subsubsection*.22}{\376\377\224\376\143\245\124\214\224\376\143\245\126\150\220\011\230\171}{subsection.6.1.4}% 40
\BOOKMARK [3][-]{subsubsection*.23}{\376\377\121\166\133\203\220\011\230\171}{subsection.6.1.4}% 41
\BOOKMARK [1][-]{section.6.2}{\376\377\000P\000G\000I\000\040\000C\000/\000C\000+\000+\000\040\000F\000o\000r\000t\000r\000a\000n\177\026\213\321\126\150}{chapter.6}% 42
\BOOKMARK [2][-]{subsection.6.2.1}{\376\377\000P\000G\000I\000\040\000C\000/\000C\000+\000+\000\040\000F\000o\000r\000t\000r\000a\000n\177\026\213\321\126\150\173\200\116\313}{section.6.2}% 43
\BOOKMARK [2][-]{subsection.6.2.2}{\376\377\177\026\213\321\225\031\213\357}{section.6.2}% 44
\BOOKMARK [2][-]{subsection.6.2.3}{\376\377\000F\000o\000r\000t\000r\000a\000n\172\013\136\217\217\320\210\114\225\031\213\357}{section.6.2}% 45
\BOOKMARK [2][-]{subsection.6.2.4}{\376\377\000P\000G\000I\000\040\000C\000/\000C\000+\000+\177\026\213\321\126\150\221\315\211\201\177\026\213\321\220\011\230\171}{section.6.2}% 46
\BOOKMARK [3][-]{subsubsection*.24}{\376\377\116\000\202\054\220\011\230\171}{subsection.6.2.4}% 47
\BOOKMARK [3][-]{subsubsection*.25}{\376\377\117\030\123\026\220\011\230\171}{subsection.6.2.4}% 48
\BOOKMARK [3][-]{subsubsection*.26}{\376\377\214\003\213\325\220\011\230\171}{subsection.6.2.4}% 49
\BOOKMARK [3][-]{subsubsection*.27}{\376\377\230\204\131\004\164\006\220\011\230\171}{subsection.6.2.4}% 50
\BOOKMARK [3][-]{subsubsection*.28}{\376\377\224\376\143\245\220\011\230\171}{subsection.6.2.4}% 51
\BOOKMARK [3][-]{subsubsection*.29}{\376\377\000C\000/\000C\000+\000+\213\355\212\000\220\011\230\171}{subsection.6.2.4}% 52
\BOOKMARK [3][-]{subsubsection*.30}{\376\377\000F\000o\000r\000t\000r\000a\000n\213\355\212\000\220\011\230\171}{subsection.6.2.4}% 53
\BOOKMARK [3][-]{subsubsection*.31}{\376\377\136\163\123\360\166\370\121\163\220\011\230\171}{subsection.6.2.4}% 54
\BOOKMARK [1][-]{section.6.3}{\376\377\000G\000N\000U\000\040\000C\000/\000C\000+\000+\000\040\000F\000o\000r\000t\000r\000a\000n\177\026\213\321\126\150}{chapter.6}% 55
\BOOKMARK [2][-]{subsection.6.3.1}{\376\377\000G\000N\000U\000\040\000C\000/\000C\000+\000+\000\040\000F\000o\000r\000t\000r\000a\000n\177\026\213\321\126\150\173\200\116\313}{section.6.3}% 56
\BOOKMARK [2][-]{subsection.6.3.2}{\376\377\177\026\213\321\225\031\213\357}{section.6.3}% 57
\BOOKMARK [2][-]{subsection.6.3.3}{\376\377\000G\000N\000U\000\040\000C\000/\000C\000+\000+\177\026\213\321\126\150\000G\000C\000C\221\315\211\201\177\026\213\321\220\011\230\171}{section.6.3}% 58
\BOOKMARK [3][-]{subsubsection*.32}{\376\377\143\247\122\066\145\207\116\366\174\173\127\213\166\204\220\011\230\171}{subsection.6.3.3}% 59
\BOOKMARK [3][-]{subsubsection*.33}{\376\377\000C\000/\000C\000+\000+\213\355\212\000\220\011\230\171}{subsection.6.3.3}% 60
\BOOKMARK [3][-]{subsubsection*.34}{\376\377\000F\000o\000r\000t\000r\000a\000n\213\355\212\000\220\011\230\171}{subsection.6.3.3}% 61
\BOOKMARK [3][-]{subsubsection*.35}{\376\377\213\146\124\112\220\011\230\171}{subsection.6.3.3}% 62
\BOOKMARK [3][-]{subsubsection*.36}{\376\377\214\003\213\325\220\011\230\171}{subsection.6.3.3}% 63
\BOOKMARK [3][-]{subsubsection*.37}{\376\377\117\030\123\026\220\011\230\171}{subsection.6.3.3}% 64
\BOOKMARK [3][-]{subsubsection*.38}{\376\377\230\204\131\004\164\006\220\011\230\171}{subsection.6.3.3}% 65
\BOOKMARK [3][-]{subsubsection*.39}{\376\377\224\376\143\245\220\011\230\171}{subsection.6.3.3}% 66
\BOOKMARK [3][-]{subsubsection*.40}{\376\377\000i\0003\0008\0006\124\214\000x\0008\0006\000-\0006\0004\136\163\123\360\166\370\121\163\220\011\230\171}{subsection.6.3.3}% 67
\BOOKMARK [3][-]{subsubsection*.41}{\376\377\176\246\133\232\142\020\117\327\220\011\230\171}{subsection.6.3.3}% 68
\BOOKMARK [0][-]{chapter.7}{\376\377\000G\000P\000U\137\002\147\204\213\241\173\227\124\214\000C\000U\000D\000A\172\013\136\217\173\200\116\313}{}% 69
\BOOKMARK [1][-]{section.7.1}{\376\377\200\314\146\157}{chapter.7}% 70
\BOOKMARK [1][-]{section.7.2}{\376\377\000G\000P\000G\000P\000U}{chapter.7}% 71
\BOOKMARK [1][-]{section.7.3}{\376\377\000G\000P\000U\137\002\147\204\213\241\173\227}{chapter.7}% 72
\BOOKMARK [1][-]{section.7.4}{\376\377\000C\000U\000D\000A\177\026\172\013\150\106\147\266}{chapter.7}% 73
\BOOKMARK [1][-]{section.7.5}{\376\377\000N\000V\000C\000C\177\026\213\321\137\025\144\316}{chapter.7}% 74
\BOOKMARK [2][-]{subsection.7.5.1}{\376\377\000n\000v\000c\000c\230\204\133\232\116\111\133\217}{section.7.5}% 75
\BOOKMARK [2][-]{subsection.7.5.2}{\376\377\145\057\143\001\166\204\217\223\121\145\145\207\116\366\124\016\177\000}{section.7.5}% 76
\BOOKMARK [2][-]{subsection.7.5.3}{\376\377\136\070\165\050\177\026\213\321\220\011\230\171}{section.7.5}% 77
\BOOKMARK [1][-]{section.7.6}{\376\377\116\000\116\052\173\200\123\125\166\204\117\213\133\120}{chapter.7}% 78
\BOOKMARK [2][-]{subsection.7.6.1}{\376\377\116\343\170\001\171\072\117\213}{section.7.6}% 79
\BOOKMARK [2][-]{subsection.7.6.2}{\376\377\172\013\136\217\211\343\213\373}{section.7.6}% 80
\BOOKMARK [2][-]{subsection.7.6.3}{\376\377\177\026\213\321\217\320\210\114}{section.7.6}% 81
\BOOKMARK [2][-]{subsection.7.6.4}{\376\377\134\017\176\323}{section.7.6}% 82
\BOOKMARK [1][-]{section.7.7}{\376\377\000O\000n\000e\000\040\000M\000o\000r\000e\000\040\000T\000h\000i\000n\000g}{chapter.7}% 83
\BOOKMARK [2][-]{subsection.7.7.1}{\376\377\177\026\213\321\126\150}{section.7.7}% 84
\BOOKMARK [2][-]{subsection.7.7.2}{\376\377\145\160\133\146\136\223}{section.7.7}% 85
\BOOKMARK [2][-]{subsection.7.7.3}{\376\377\136\070\165\050\135\345\121\167}{section.7.7}% 86
\BOOKMARK [0][-]{chapter.8}{\376\377\000M\000P\000I\136\166\210\114\172\013\136\217\177\026\213\321\123\312\217\320\210\114}{}% 87
\BOOKMARK [1][-]{section.8.1}{\376\377\173\200\116\313}{chapter.8}% 88
\BOOKMARK [1][-]{section.8.2}{\376\377\000M\000P\000I\136\166\210\114\172\013\136\217\166\204\177\026\213\321}{chapter.8}% 89
\BOOKMARK [2][-]{subsection.8.2.1}{\376\377\000H\000P\000C\000-\000X\000\040\000S\000c\000a\000l\000a\000b\000l\000e\000H\000P\000C\135\345\121\167\226\306}{section.8.2}% 90
\BOOKMARK [3][-]{subsubsection*.48}{\376\377\000M\000e\000l\000l\000a\000n\000o\000x\000\040\000F\000a\000b\000r\000i\000c\226\306\124\010\220\032\117\341\122\240\220\037\000\050\000F\000a\000b\000r\000i\000c\000\040\000C\000o\000l\000l\000e\000c\000t\000i\000v\000e\000\040\000A\000c\000c\000e\000l\000e\000r\000a\000t\000o\000r\000,\000\040\000F\000C\000A\000\051}{subsection.8.2.1}% 91
\BOOKMARK [3][-]{subsubsection*.51}{\376\377\176\337\116\000\220\032\117\341\000-\000X\147\266\147\204\000\050\000U\000n\000i\000f\000i\000e\000d\000\040\000C\000o\000m\000m\000u\000n\000i\000c\000a\000t\000i\000o\000n\000\040\000-\000\040\000X\000\040\000F\000r\000a\000m\000e\000w\000o\000r\000k\000,\000\040\000U\000C\000X\000\051}{subsection.8.2.1}% 92
\BOOKMARK [3][-]{subsubsection*.52}{\376\377\000P\000G\000A\000S\121\161\116\253\121\205\133\130\213\277\225\356\000\050\000O\000p\000e\000n\000S\000H\000M\000E\000M\000\051}{subsection.8.2.1}% 93
\BOOKMARK [2][-]{subsection.8.2.2}{\376\377\000O\000p\000e\000n\000\040\000M\000P\000I\136\223}{section.8.2}% 94
\BOOKMARK [2][-]{subsection.8.2.3}{\376\377\000I\000n\000t\000e\000l\000\040\000M\000P\000I\136\223}{section.8.2}% 95
\BOOKMARK [3][-]{subsubsection*.56}{\376\377\177\026\213\321\124\175\116\344}{subsection.8.2.3}% 96
\BOOKMARK [3][-]{subsubsection*.57}{\376\377\177\026\213\321\124\175\116\344\123\302\145\160}{subsection.8.2.3}% 97
\BOOKMARK [3][-]{subsubsection*.58}{\376\377\163\257\130\203\123\330\221\317}{subsection.8.2.3}% 98
\BOOKMARK [3][-]{subsubsection*.59}{\376\377\177\026\213\321\116\076\117\213}{subsection.8.2.3}% 99
\BOOKMARK [3][-]{subsubsection*.60}{\376\377\214\003\213\325}{subsection.8.2.3}% 100
\BOOKMARK [3][-]{subsubsection*.61}{\376\377\217\375\216\052}{subsection.8.2.3}% 101
\BOOKMARK [3][-]{subsubsection*.62}{\376\377\153\143\170\156\140\047\150\300\147\345}{subsection.8.2.3}% 102
\BOOKMARK [3][-]{subsubsection*.63}{\376\377\176\337\213\241\145\066\226\306}{subsection.8.2.3}% 103
\BOOKMARK [2][-]{subsection.8.2.4}{\376\377\116\016\177\026\213\321\126\150\166\370\121\163\166\204\177\026\213\321\220\011\230\171}{section.8.2}% 104
\BOOKMARK [1][-]{section.8.3}{\376\377\000M\000P\000I\136\166\210\114\172\013\136\217\166\204\217\320\210\114}{chapter.8}% 105
\BOOKMARK [0][-]{chapter.9}{\376\377\172\013\136\217\214\003\213\325}{}% 106
\BOOKMARK [1][-]{section.9.1}{\376\377\000G\000D\000B\214\003\213\325\126\150\173\200\116\313}{chapter.9}% 107
\BOOKMARK [1][-]{section.9.2}{\376\377\127\372\147\054\124\057\122\250\145\271\137\017\000[\000g\000d\000b\000s\000t\000a\000r\000t\000]}{chapter.9}% 108
\BOOKMARK [2][-]{subsection.9.2.1}{\376\377\220\011\142\351\124\057\122\250\145\366\145\207\116\366}{section.9.2}% 109
\BOOKMARK [2][-]{subsection.9.2.2}{\376\377\213\260\137\125\145\345\137\327}{section.9.2}% 110
\BOOKMARK [1][-]{section.9.3}{\376\377\220\000\121\372\000G\000D\000B}{chapter.9}% 111
\BOOKMARK [1][-]{section.9.4}{\376\377\121\306\131\007\142\100\227\000\211\201\214\003\213\325\166\204\172\013\136\217}{chapter.9}% 112
\BOOKMARK [2][-]{subsection.9.4.1}{\376\377\121\306\131\007\214\003\213\325\116\343\170\001\156\220\116\343\170\001}{section.9.4}% 113
\BOOKMARK [2][-]{subsection.9.4.2}{\376\377\121\306\131\007\177\026\213\321\126\150\124\214\224\376\143\245\126\150\163\257\130\203}{section.9.4}% 114
\BOOKMARK [2][-]{subsection.9.4.3}{\376\377\214\003\213\325\117\030\123\026\177\026\213\321\166\204\116\343\170\001}{section.9.4}% 115
\BOOKMARK [2][-]{subsection.9.4.4}{\376\377\121\306\131\007\142\100\227\000\211\201\214\003\213\325\166\204\136\166\210\114\172\013\136\217}{section.9.4}% 116
\BOOKMARK [2][-]{subsection.9.4.5}{\376\377\177\026\213\321\142\100\211\201\214\003\213\325\166\204\172\013\136\217}{section.9.4}% 117
\BOOKMARK [1][-]{section.9.5}{\376\377\137\000\131\313\214\003\213\325\172\013\136\217}{chapter.9}% 118
\BOOKMARK [2][-]{subsection.9.5.1}{\376\377\146\076\171\072\156\220\116\343\170\001}{section.9.5}% 119
\BOOKMARK [2][-]{subsection.9.5.2}{\376\377\217\320\210\114\172\013\136\217}{section.9.5}% 120
\BOOKMARK [2][-]{subsection.9.5.3}{\376\377\213\276\177\156\124\214\122\040\226\144\145\255\160\271}{section.9.5}% 121
\BOOKMARK [2][-]{subsection.9.5.4}{\376\377\143\247\122\066\217\333\172\013\163\257\130\203}{section.9.5}% 122
\BOOKMARK [2][-]{subsection.9.5.5}{\376\377\142\147\210\114\116\000\210\114\116\343\170\001}{section.9.5}% 123
\BOOKMARK [2][-]{subsection.9.5.6}{\376\377\142\147\210\114\116\343\170\001\166\364\122\060}{section.9.5}% 124
\BOOKMARK [2][-]{subsection.9.5.7}{\376\377\142\147\210\114\116\000\210\114\154\107\177\026\143\007\116\344}{section.9.5}% 125
\BOOKMARK [2][-]{subsection.9.5.8}{\376\377\146\076\171\072\123\330\221\317\142\026\210\150\217\276\137\017\120\074}{section.9.5}% 126
\BOOKMARK [1][-]{section.9.6}{\376\377\117\040\220\022\124\175\116\344\176\331\214\003\213\325\126\150}{chapter.9}% 127
\BOOKMARK [2][-]{subsection.9.6.1}{\376\377\124\175\116\344\060\001\145\207\116\366\124\015\124\214\123\330\221\317\210\145\121\150}{section.9.6}% 128
\BOOKMARK [2][-]{subsection.9.6.2}{\376\377\201\352\133\232\116\111\124\175\116\344}{section.9.6}% 129
\BOOKMARK [1][-]{section.9.7}{\376\377\214\003\213\325\136\166\210\114\172\013\136\217}{chapter.9}% 130
\BOOKMARK [2][-]{subsection.9.7.1}{\376\377\214\003\213\325\000O\000p\000e\000n\000M\000P\173\111\131\032\176\277\172\013\172\013\136\217}{section.9.7}% 131
\BOOKMARK [2][-]{subsection.9.7.2}{\376\377\214\003\213\325\000M\000P\000I\136\166\210\114\136\224\165\050}{section.9.7}% 132
\BOOKMARK [0][-]{chapter.10}{\376\377\000I\000n\000t\000e\000l\000\040\000M\000K\000L\145\160\120\074\121\375\145\160\136\223}{}% 133
\BOOKMARK [1][-]{section.10.1}{\376\377\000I\000n\000t\000e\000l\000\040\000M\000K\000L\116\073\211\201\121\205\133\271}{chapter.10}% 134
\BOOKMARK [1][-]{section.10.2}{\376\377\000I\000n\000t\000e\000l\000\040\000M\000K\000L\166\356\137\125\121\205\133\271}{chapter.10}% 135
\BOOKMARK [1][-]{section.10.3}{\376\377\224\376\143\245\000I\000n\000t\000e\000l\000\040\000M\000K\000L}{chapter.10}% 136
\BOOKMARK [2][-]{subsection.10.3.1}{\376\377\137\353\220\037\121\145\225\350}{section.10.3}% 137
\BOOKMARK [3][-]{subsubsection*.66}{\376\377\122\051\165\050\000-\000m\000k\000l\177\026\213\321\126\150\123\302\145\160}{subsection.10.3.1}% 138
\BOOKMARK [3][-]{subsubsection*.68}{\376\377\117\177\165\050\123\125\116\000\122\250\140\001\136\223}{subsection.10.3.1}% 139
\BOOKMARK [3][-]{subsubsection*.69}{\376\377\220\011\142\351\142\100\227\000\136\223\217\333\210\114\224\376\143\245}{subsection.10.3.1}% 140
\BOOKMARK [3][-]{subsubsection*.70}{\376\377\117\177\165\050\224\376\143\245\210\114\230\176\225\356}{subsection.10.3.1}% 141
\BOOKMARK [3][-]{subsubsection*.71}{\376\377\117\177\165\050\124\175\116\344\210\114\224\376\143\245\135\345\121\167}{subsection.10.3.1}% 142
\BOOKMARK [2][-]{subsection.10.3.2}{\376\377\224\376\143\245\116\076\117\213}{section.10.3}% 143
\BOOKMARK [3][-]{subsubsection*.72}{\376\377\127\050\000I\000n\000t\000e\000l\000\040\0006\0004\147\266\147\204\116\012\224\376\143\245}{subsection.10.3.2}% 144
\BOOKMARK [3][-]{subsubsection*.73}{\376\377\127\050\000I\000A\000-\0003\0002\147\266\147\204\116\012\224\376\143\245}{subsection.10.3.2}% 145
\BOOKMARK [2][-]{subsection.10.3.3}{\376\377\224\376\143\245\176\306\202\202}{section.10.3}% 146
\BOOKMARK [3][-]{subsubsection*.74}{\376\377\127\050\124\175\116\344\210\114\116\012\122\027\121\372\142\100\227\000\136\223\224\376\143\245}{subsection.10.3.3}% 147
\BOOKMARK [3][-]{subsubsection*.75}{\376\377\122\250\140\001\220\011\142\351\143\245\123\343\124\214\176\277\172\013\134\102\224\376\143\245}{subsection.10.3.3}% 148
\BOOKMARK [3][-]{subsubsection*.76}{\376\377\117\177\165\050\143\245\123\343\136\223\224\376\143\245}{subsection.10.3.3}% 149
\BOOKMARK [3][-]{subsubsection*.77}{\376\377\117\177\165\050\176\277\172\013\136\223\224\376\143\245}{subsection.10.3.3}% 150
\BOOKMARK [3][-]{subsubsection*.78}{\376\377\117\177\165\050\213\241\173\227\136\223\224\376\143\245}{subsection.10.3.3}% 151
\BOOKMARK [3][-]{subsubsection*.79}{\376\377\117\177\165\050\177\026\213\321\126\150\217\320\210\114\136\223\224\376\143\245}{subsection.10.3.3}% 152
\BOOKMARK [3][-]{subsubsection*.80}{\376\377\117\177\165\050\174\373\176\337\136\223\224\376\143\245}{subsection.10.3.3}% 153
\BOOKMARK [3][-]{subsubsection*.81}{\376\377\121\227\225\177\377\010\000V\000e\000r\000b\000o\000s\000e\377\011\124\057\165\050\152\041\137\017\224\376\143\245}{subsection.10.3.3}% 154
\BOOKMARK [1][-]{section.10.4}{\376\377\140\047\200\375\117\030\123\026\173\111}{chapter.10}% 155
\BOOKMARK [0][-]{chapter.11}{\376\377\136\224\165\050\172\013\136\217\166\204\177\026\213\321\116\016\133\211\210\305}{}% 156
\BOOKMARK [1][-]{section.11.1}{\376\377\116\214\217\333\122\066\172\013\136\217\166\204\133\211\210\305}{chapter.11}% 157
\BOOKMARK [1][-]{section.11.2}{\376\377\156\220\116\343\170\001\172\013\136\217\166\204\133\211\210\305}{chapter.11}% 158
\BOOKMARK [0][-]{chapter.12}{\376\377\000S\000l\000u\000r\000m\117\134\116\032\214\003\136\246\174\373\176\337}{}% 159
\BOOKMARK [1][-]{section.12.1}{\376\377\173\200\116\313}{chapter.12}% 160
\BOOKMARK [1][-]{section.12.2}{\376\377\127\372\147\054\151\202\137\365}{chapter.12}% 161
\BOOKMARK [2][-]{subsection.12.2.1}{\376\377\116\011\171\315\152\041\137\017\123\072\122\053}{section.12.2}% 162
\BOOKMARK [2][-]{subsection.12.2.2}{\376\377\127\372\147\054\165\050\142\067\124\175\116\344}{section.12.2}% 163
\BOOKMARK [2][-]{subsection.12.2.3}{\376\377\127\372\147\054\147\057\213\355}{section.12.2}% 164
\BOOKMARK [2][-]{subsection.12.2.4}{\376\377\136\070\165\050\123\302\200\003}{section.12.2}% 165
\BOOKMARK [1][-]{section.12.3}{\376\377\146\076\171\072\226\037\122\027\060\001\202\202\160\271\117\341\140\157\377\032\000s\000i\000n\000f\000o}{chapter.12}% 166
\BOOKMARK [2][-]{subsection.12.3.1}{\376\377\116\073\211\201\217\223\121\372\230\171}{section.12.3}% 167
\BOOKMARK [2][-]{subsection.12.3.2}{\376\377\116\073\211\201\123\302\145\160}{section.12.3}% 168
\BOOKMARK [1][-]{section.12.4}{\376\377\147\345\167\013\226\037\122\027\116\055\166\204\117\134\116\032\117\341\140\157\377\032\000s\000q\000u\000e\000u\000e}{chapter.12}% 169
\BOOKMARK [2][-]{subsection.12.4.1}{\376\377\116\073\211\201\217\223\121\372\230\171}{section.12.4}% 170
\BOOKMARK [2][-]{subsection.12.4.2}{\376\377\116\073\211\201\123\302\145\160}{section.12.4}% 171
\BOOKMARK [1][-]{section.12.5}{\376\377\147\345\167\013\213\346\176\306\226\037\122\027\117\341\140\157\377\032\000s\000c\000o\000n\000t\000r\000o\000l\000\040\000s\000h\000o\000w\000\040\000p\000a\000r\000t\000i\000t\000i\000o\000n}{chapter.12}% 172
\BOOKMARK [2][-]{subsection.12.5.1}{\376\377\116\073\211\201\217\223\121\372\230\171}{section.12.5}% 173
\BOOKMARK [1][-]{section.12.6}{\376\377\147\345\167\013\213\346\176\306\202\202\160\271\117\341\140\157\377\032\000s\000c\000o\000n\000t\000r\000o\000l\000\040\000s\000h\000o\000w\000\040\000n\000o\000d\000e}{chapter.12}% 174
\BOOKMARK [2][-]{subsection.12.6.1}{\376\377\116\073\211\201\217\223\121\372\230\171}{section.12.6}% 175
\BOOKMARK [1][-]{section.12.7}{\376\377\147\345\167\013\213\346\176\306\117\134\116\032\117\341\140\157\377\032\000s\000c\000o\000n\000t\000r\000o\000l\000\040\000s\000h\000o\000w\000\040\000j\000o\000b}{chapter.12}% 176
\BOOKMARK [2][-]{subsection.12.7.1}{\376\377\116\073\211\201\217\223\121\372\230\171}{section.12.7}% 177
\BOOKMARK [1][-]{section.12.8}{\376\377\147\345\167\013\147\015\122\241\215\050\221\317\000\050\000Q\000o\000S\000\051}{chapter.12}% 178
\BOOKMARK [1][-]{section.12.9}{\376\377\147\345\167\013\117\134\116\032\134\117\136\125\217\223\121\372\377\032\000s\000p\000e\000e\000k}{chapter.12}% 179
\BOOKMARK [1][-]{section.12.10}{\376\377\143\320\116\244\117\134\116\032\124\175\116\344\121\161\124\014\213\364\146\016}{chapter.12}% 180
\BOOKMARK [2][-]{subsection.12.10.1}{\376\377\116\073\211\201\123\302\145\160}{section.12.10}% 181
\BOOKMARK [2][-]{subsection.12.10.2}{\376\377\000I\000O\221\315\133\232\124\021}{section.12.10}% 182
\BOOKMARK [1][-]{section.12.11}{\376\377\116\244\116\222\137\017\143\320\116\244\136\166\210\114\117\134\116\032\377\032\000s\000r\000u\000n}{chapter.12}% 183
\BOOKMARK [2][-]{subsection.12.11.1}{\376\377\116\073\211\201\217\223\121\145\163\257\130\203\123\330\221\317}{section.12.11}% 184
\BOOKMARK [2][-]{subsection.12.11.2}{\376\377\116\073\211\201\217\223\121\372\163\257\130\203\123\330\221\317}{section.12.11}% 185
\BOOKMARK [2][-]{subsection.12.11.3}{\376\377\131\032\172\013\136\217\217\320\210\114\221\115\177\156}{section.12.11}% 186
\BOOKMARK [2][-]{subsection.12.11.4}{\376\377\136\070\211\301\117\213\133\120}{section.12.11}% 187
\BOOKMARK [1][-]{section.12.12}{\376\377\142\171\131\004\164\006\145\271\137\017\143\320\116\244\117\134\116\032\377\032\000s\000b\000a\000t\000c\000h}{chapter.12}% 188
\BOOKMARK [2][-]{subsection.12.12.1}{\376\377\116\073\211\201\217\223\121\145\163\257\130\203\123\330\221\317}{section.12.12}% 189
\BOOKMARK [2][-]{subsection.12.12.2}{\376\377\116\073\211\201\217\223\121\372\163\257\130\203\123\330\221\317}{section.12.12}% 190
\BOOKMARK [2][-]{subsection.12.12.3}{\376\377\116\062\210\114\117\134\116\032\143\320\116\244}{section.12.12}% 191
\BOOKMARK [2][-]{subsection.12.12.4}{\376\377\000O\000p\000e\000n\000M\000P\121\161\116\253\121\205\133\130\136\166\210\114\117\134\116\032\143\320\116\244}{section.12.12}% 192
\BOOKMARK [2][-]{subsection.12.12.5}{\376\377\000M\000P\000I\136\166\210\114\117\134\116\032\143\320\116\244}{section.12.12}% 193
\BOOKMARK [2][-]{subsection.12.12.6}{\376\377\000G\000P\000U\117\134\116\032\143\320\116\244}{section.12.12}% 194
\BOOKMARK [2][-]{subsection.12.12.7}{\376\377\117\134\116\032\203\267\123\326\166\204\202\202\160\271\124\015\123\312\133\371\136\224\000C\000P\000U\150\070\145\160\211\343\147\220}{section.12.12}% 195
\BOOKMARK [1][-]{section.12.13}{\376\377\122\006\221\115\137\017\143\320\116\244\117\134\116\032\377\032\000s\000a\000l\000l\000o\000c}{chapter.12}% 196
\BOOKMARK [2][-]{subsection.12.13.1}{\376\377\117\134\116\032\203\267\123\326\166\204\202\202\160\271\124\015\123\312\133\371\136\224\000C\000P\000U\150\070\145\160\211\343\147\220}{section.12.13}% 197
\BOOKMARK [2][-]{subsection.12.13.2}{\376\377\116\073\211\201\220\011\230\171}{section.12.13}% 198
\BOOKMARK [2][-]{subsection.12.13.3}{\376\377\116\073\211\201\217\223\121\145\163\257\130\203\123\330\221\317}{section.12.13}% 199
\BOOKMARK [2][-]{subsection.12.13.4}{\376\377\116\073\211\201\217\223\121\372\163\257\130\203\123\330\221\317}{section.12.13}% 200
\BOOKMARK [2][-]{subsection.12.13.5}{\376\377\117\213\133\120}{section.12.13}% 201
\BOOKMARK [1][-]{section.12.14}{\376\377\134\006\145\207\116\366\124\014\153\145\122\060\124\004\202\202\160\271\377\032\000s\000b\000c\000a\000s\000t}{chapter.12}% 202
\BOOKMARK [2][-]{subsection.12.14.1}{\376\377\116\073\211\201\123\302\145\160}{section.12.14}% 203
\BOOKMARK [2][-]{subsection.12.14.2}{\376\377\116\073\211\201\163\257\130\203\123\330\221\317}{section.12.14}% 204
\BOOKMARK [2][-]{subsection.12.14.3}{\376\377\117\213\133\120}{section.12.14}% 205
\BOOKMARK [1][-]{section.12.15}{\376\377\124\070\226\104\122\060\117\134\116\032\153\145\377\032\000s\000a\000t\000t\000a\000c\000h}{chapter.12}% 206
\BOOKMARK [2][-]{subsection.12.15.1}{\376\377\116\073\211\201\123\302\145\160}{section.12.15}% 207
\BOOKMARK [2][-]{subsection.12.15.2}{\376\377\116\073\211\201\217\223\121\145\163\257\130\203\123\330\221\317}{section.12.15}% 208
\BOOKMARK [2][-]{subsection.12.15.3}{\376\377\117\213\133\120}{section.12.15}% 209
\BOOKMARK [1][-]{section.12.16}{\376\377\147\345\167\013\213\260\215\046\117\341\140\157\377\032\000s\000a\000c\000c\000t}{chapter.12}% 210
\BOOKMARK [1][-]{section.12.17}{\376\377\121\166\133\203\136\070\165\050\117\134\116\032\173\241\164\006\124\175\116\344}{chapter.12}% 211
\BOOKMARK [2][-]{subsection.12.17.1}{\376\377\176\310\153\142\117\134\116\032\377\032\000s\000c\000a\000n\000c\000e\000l\000\040\000j\000o\000b\000\137\000i\000d}{section.12.17}% 212
\BOOKMARK [2][-]{subsection.12.17.2}{\376\377\143\002\215\167\143\222\226\037\116\055\134\032\147\052\217\320\210\114\166\204\117\134\116\032\377\032\000s\000c\000o\000n\000t\000r\000o\000l\000\040\000h\000o\000l\000d\000\040\000j\000o\000b\000\137\000l\000i\000s\000t}{section.12.17}% 213
\BOOKMARK [2][-]{subsection.12.17.3}{\376\377\176\347\176\355\143\222\226\037\210\253\143\002\215\167\166\204\134\032\147\052\217\320\210\114\117\134\116\032\377\032\000s\000c\000o\000n\000t\000r\000o\000l\000\040\000r\000e\000l\000e\000a\000s\000e\000\040\000j\000o\000b\000\137\000l\000i\000s\000t}{section.12.17}% 214
\BOOKMARK [2][-]{subsection.12.17.4}{\376\377\221\315\145\260\217\320\210\114\117\134\116\032\377\032\000s\000c\000o\000n\000t\000r\000o\000l\000\040\000r\000e\000q\000u\000e\000u\000e\000\040\000j\000o\000b\000\137\000l\000i\000s\000t}{section.12.17}% 215
\BOOKMARK [2][-]{subsection.12.17.5}{\376\377\221\315\145\260\143\002\215\167\117\134\116\032\377\032\000s\000c\000o\000n\000t\000r\000o\000l\000\040\000r\000e\000q\000u\000e\000u\000e\000h\000o\000l\000d\000\040\000j\000o\000b\000\137\000l\000i\000s\000t}{section.12.17}% 216
\BOOKMARK [2][-]{subsection.12.17.6}{\376\377\147\000\117\030\121\110\173\111\137\205\217\320\210\114\117\134\116\032\377\032\000s\000c\000o\000n\000t\000r\000o\000l\000\040\000t\000o\000p\000\040\000j\000o\000b\000\137\000i\000d}{section.12.17}% 217
\BOOKMARK [2][-]{subsection.12.17.7}{\376\377\173\111\137\205\147\320\116\052\117\134\116\032\217\320\210\114\133\214\377\032\000s\000c\000o\000n\000t\000r\000o\000l\000\040\000w\000a\000i\000t\000\137\000j\000o\000b\000\040\000j\000o\000b\000\137\000i\000d}{section.12.17}% 218
\BOOKMARK [2][-]{subsection.12.17.8}{\376\377\146\364\145\260\117\134\116\032\117\341\140\157\377\032\000s\000c\000o\000n\000t\000r\000o\000l\000\040\000u\000p\000d\000a\000t\000e\000\040\000S\000P\000E\000C\000I\000F\000I\000C\000A\000T\000I\000O\000N}{section.12.17}% 219
\BOOKMARK [0][-]{chapter.13}{\376\377\000L\000S\000F\117\134\116\032\214\003\136\246\174\373\176\337}{}% 220
\BOOKMARK [1][-]{section.13.1}{\376\377\117\134\116\032\217\320\210\114\166\204\147\141\116\366}{chapter.13}% 221
\BOOKMARK [1][-]{section.13.2}{\376\377\147\345\167\013\226\037\122\027\140\305\121\265\377\032\000b\000q\000u\000e\000u\000e\000s}{chapter.13}% 222
\BOOKMARK [2][-]{subsection.13.2.1}{\376\377\147\345\167\013\226\037\122\027\213\346\176\306\140\305\121\265\377\032\000b\000q\000u\000e\000u\000e\000s\000\040\000-\000l}{section.13.2}% 223
\BOOKMARK [1][-]{section.13.3}{\376\377\147\345\167\013\124\004\202\202\160\271\166\204\217\320\210\114\140\305\121\265\377\032\000l\000s\000l\000o\000a\000d}{chapter.13}% 224
\BOOKMARK [1][-]{section.13.4}{\376\377\147\345\167\013\124\004\202\202\160\271\166\204\172\172\225\362\140\305\121\265\377\032\000b\000h\000o\000s\000t\000s}{chapter.13}% 225
\BOOKMARK [1][-]{section.13.5}{\376\377\147\345\167\013\165\050\142\067\117\341\140\157\377\032\000b\000u\000s\000e\000r\000s}{chapter.13}% 226
\BOOKMARK [1][-]{section.13.6}{\376\377\143\320\116\244\117\134\116\032\377\032\000b\000s\000u\000b}{chapter.13}% 227
\BOOKMARK [2][-]{subsection.13.6.1}{\376\377\143\320\116\244\122\060\162\171\133\232\226\037\122\027\377\032\000b\000s\000u\000b\000\040\000-\000q}{section.13.6}% 228
\BOOKMARK [2][-]{subsection.13.6.2}{\376\377\143\320\116\244\116\062\210\114\117\134\116\032\377\032\000b\000s\000u\000b\000\040\000-\000n\000\040\0001}{section.13.6}% 229
\BOOKMARK [2][-]{subsection.13.6.3}{\376\377\143\007\146\016\142\100\227\000\211\201\166\204\000C\000P\000U\150\070\145\160\377\032\000b\000s\000u\000b\000\040\000-\000n}{section.13.6}% 230
\BOOKMARK [2][-]{subsection.13.6.4}{\376\377\143\320\116\244\122\060\162\171\133\232\202\202\160\271\377\032\000b\000s\000u\000b\000\040\000-\000m\000\040\040\034\000h\000o\000s\000t\000\137\000n\000a\000m\000e\040\035}{section.13.6}% 231
\BOOKMARK [2][-]{subsection.13.6.5}{\376\377\143\320\116\244\000M\000P\000I\117\134\116\032\377\032\000b\000s\000u\000b\000\040\000-\000n\000\040\000N\000U\000M\000\040\000m\000p\000i\000j\000o\000b}{section.13.6}% 232
\BOOKMARK [2][-]{subsection.13.6.6}{\376\377\143\007\146\016\227\000\211\201\147\320\171\315\215\104\156\220\117\134\116\032\143\320\116\244\377\032\000b\000s\000u\000b\000\040\000-\000R}{section.13.6}% 233
\BOOKMARK [2][-]{subsection.13.6.7}{\376\377\143\320\116\244\000O\000p\000e\000n\000M\000P\173\111\121\161\116\253\121\205\133\130\117\134\116\032\377\032\000b\000s\000u\000b\000\040\000-\000R\000\040\040\034\000s\000p\000a\000n\000[\000h\000o\000s\000t\000s\000=\0001\000]\040\035\000\040\000O\000M\000P\000\137\000N\000U\000M\000\137\000T\000H\000R\000E\000A\000D\000S\000=}{section.13.6}% 234
\BOOKMARK [2][-]{subsection.13.6.8}{\376\377\000M\000P\000I\124\214\000O\000p\000e\000n\000M\000P\121\161\116\253\121\205\133\130\155\367\124\010\136\166\210\114\117\134\116\032}{section.13.6}% 235
\BOOKMARK [2][-]{subsection.13.6.9}{\376\377\176\331\117\134\116\032\215\167\116\052\124\015\133\127\377\032\000b\000s\000u\000b\000\040\000-\000P\000\040\000p\000r\000o\000j\000e\000c\000t\000\137\000n\000a\000m\000e}{section.13.6}% 236
\BOOKMARK [2][-]{subsection.13.6.10}{\376\377\217\320\210\114\143\222\116\326\140\047\117\134\116\032\377\032\000b\000s\000u\000b\000\040\000-\000x}{section.13.6}% 237
\BOOKMARK [2][-]{subsection.13.6.11}{\376\377\143\007\146\016\217\223\121\372\060\001\217\223\121\372\145\207\116\366\217\320\210\114\377\032\000b\000s\000u\000b\000\040\000-\000i\000\040\000-\000o\000\040\000-\000e}{section.13.6}% 238
\BOOKMARK [2][-]{subsection.13.6.12}{\376\377\143\007\146\016\217\223\121\372\166\356\137\125\143\320\116\244\377\032\000b\000s\000u\000b\000\040\000-\000o\000u\000t\000d\000i\000r\000\040\000o\000u\000t\000p\000u\000t\000\137\000d\000i\000r\000e\000c\000t\000o\000r\000y}{section.13.6}% 239
\BOOKMARK [2][-]{subsection.13.6.13}{\376\377\116\244\116\222\137\017\217\320\210\114\117\134\116\032\377\032\000b\000s\000u\000b\000\040\000-\000I}{section.13.6}% 240
\BOOKMARK [2][-]{subsection.13.6.14}{\376\377\156\341\215\263\117\235\215\126\121\163\174\373\217\320\210\114\117\134\116\032\377\032\000b\000s\000u\000b\000\040\000-\000w}{section.13.6}% 241
\BOOKMARK [2][-]{subsection.13.6.15}{\376\377\143\007\133\232\145\366\225\364\217\320\210\114\377\032\000b\000s\000u\000b\000\040\000-\000b\000\040\000t\000i\000m\000e}{section.13.6}% 242
\BOOKMARK [2][-]{subsection.13.6.16}{\376\377\143\007\133\232\217\320\210\114\145\366\225\177\377\032\000b\000s\000u\000b\000\040\000-\000W\000\040\000t\000i\000m\000e}{section.13.6}% 243
\BOOKMARK [2][-]{subsection.13.6.17}{\376\377\127\050\217\320\210\114\122\115\142\147\210\114\162\171\133\232\124\175\116\344\377\032\000b\000s\000u\000b\000\040\000-\000E\000\040\040\034\000p\000r\000e\000\137\000c\000o\000m\000m\000a\000n\000d\040\035}{section.13.6}% 244
\BOOKMARK [2][-]{subsection.13.6.18}{\376\377\127\050\217\320\210\114\124\016\142\147\210\114\162\171\133\232\124\175\116\344\377\032\000b\000s\000u\000b\000\040\000-\000E\000p\000\040\040\034\000p\000o\000s\000t\000\137\000c\000o\000m\000m\000a\000n\000d\040\035}{section.13.6}% 245
\BOOKMARK [2][-]{subsection.13.6.19}{\376\377\000L\000S\000F\117\134\116\032\201\032\147\054}{section.13.6}% 246
\BOOKMARK [1][-]{section.13.7}{\376\377\176\310\153\142\117\134\116\032\377\032\000b\000k\000i\000l\000l}{chapter.13}% 247
\BOOKMARK [1][-]{section.13.8}{\376\377\143\002\215\167\117\134\116\032\377\032\000b\000s\000t\000o\000p}{chapter.13}% 248
\BOOKMARK [1][-]{section.13.9}{\376\377\176\347\176\355\217\320\210\114\210\253\143\002\215\167\166\204\117\134\116\032\377\032\000b\000r\000e\000s\000u\000m\000e}{chapter.13}% 249
\BOOKMARK [1][-]{section.13.10}{\376\377\213\276\177\156\117\134\116\032\147\000\121\110\217\320\210\114\377\032\000b\000t\000o\000p}{chapter.13}% 250
\BOOKMARK [1][-]{section.13.11}{\376\377\213\276\177\156\117\134\116\032\147\000\124\016\217\320\210\114\377\032\000b\000b\000o\000t}{chapter.13}% 251
\BOOKMARK [1][-]{section.13.12}{\376\377\117\356\145\071\143\222\226\037\116\055\166\204\117\134\116\032\220\011\230\171\377\032\000b\000m\000o\000d}{chapter.13}% 252
\BOOKMARK [1][-]{section.13.13}{\376\377\147\345\167\013\117\134\116\032\166\204\143\222\226\037\124\214\217\320\210\114\140\305\121\265\377\032\000b\000j\000o\000b\000s}{chapter.13}% 253
\BOOKMARK [1][-]{section.13.14}{\376\377\147\345\167\013\117\134\116\032\215\037\217\175\377\032\000c\000h\000e\000c\000k\000j\000o\000b}{chapter.13}% 254
\BOOKMARK [1][-]{section.13.15}{\376\377\147\345\167\013\217\320\210\114\116\055\117\134\116\032\166\204\134\117\136\125\153\143\136\070\217\223\121\372\377\032\000b\000p\000e\000e\000k}{chapter.13}% 255
\BOOKMARK [0][-]{chapter.14}{\376\377\000L\000a\000T\000e\000X\000\040\000p\000d\000f\162\110}{}% 256
\BOOKMARK [0][-]{chapter.15}{\376\377\200\124\174\373\145\271\137\017}{}% 257
